#
# There is insufficient memory for the Java Runtime Environment to continue.
# Native memory allocation (mmap) failed to map 1048576 bytes for G1 virtual space
# Possible reasons:
#   The system is out of physical RAM or swap space
#   The process is running with CompressedOops enabled, and the Java Heap may be blocking the growth of the native heap
# Possible solutions:
#   Reduce memory load on the system
#   Increase physical memory or swap space
#   Check if swap backing store is full
#   Decrease Java heap size (-Xmx/-Xms)
#   Decrease number of Java threads
#   Decrease Java thread stack sizes (-Xss)
#   Set larger code cache with -XX:ReservedCodeCacheSize=
#   JVM is running with Unscaled Compressed Oops mode in which the Java heap is
#     placed in the first 4GB address space. The Java Heap base address is the
#     maximum limit for the native heap growth. Please use -XX:HeapBaseMinAddress
#     to set the Java Heap base and to place the Java Heap above 4GB virtual address.
# This output file may be truncated or incomplete.
#
#  Out of Memory Error (os_windows.cpp:3613), pid=25428, tid=16244
#
# JRE version: OpenJDK Runtime Environment Temurin-17.0.10+7 (17.0.10+7) (build 17.0.10+7)
# Java VM: OpenJDK 64-Bit Server VM Temurin-17.0.10+7 (17.0.10+7, mixed mode, emulated-client, tiered, compressed oops, compressed class ptrs, g1 gc, windows-amd64)
# No core dump will be written. Minidumps are not enabled by default on client versions of Windows
#

---------------  S U M M A R Y ------------

Command Line: -Dcom.sun.management.jmxremote -Dcom.sun.management.jmxremote.port=49383 -Dcom.sun.management.jmxremote.authenticate=false -Dcom.sun.management.jmxremote.ssl=false -Djava.rmi.server.hostname=localhost -Dspring.jmx.enabled=true -Dmanagement.endpoints.jmx.exposure.include=* -Dspring.application.admin.enabled=true -XX:TieredStopAtLevel=1 -Dspring.boot.project.name=Cafe_Management -Dfile.encoding=UTF-8 -Dstdout.encoding=UTF-8 -Dstderr.encoding=UTF-8 -XX:+ShowCodeDetailsInExceptionMessages in.nikita.CafeManagementApplication --spring.output.ansi.enabled=always

Host: AMD Ryzen 5 4500U with Radeon Graphics         , 6 cores, 7G,  Windows 10 , 64 bit Build 19041 (10.0.19041.5915)
Time: Sat Oct 25 15:20:44 2025 India Standard Time elapsed time: 61.401855 seconds (0d 0h 1m 1s)

---------------  T H R E A D  ---------------

Current thread (0x000001f1c6614aa0):  VMThread "VM Thread" [stack: 0x00000005a9a00000,0x00000005a9b00000] [id=16244]

Stack: [0x00000005a9a00000,0x00000005a9b00000]
Native frames: (J=compiled Java code, j=interpreted, Vv=VM code, C=native code)
V  [jvm.dll+0x67d2c9]
V  [jvm.dll+0x834afa]
V  [jvm.dll+0x8365be]
V  [jvm.dll+0x836c23]
V  [jvm.dll+0x2477ff]
V  [jvm.dll+0x67a109]
V  [jvm.dll+0x66eb7a]
V  [jvm.dll+0x30764b]
V  [jvm.dll+0x30eaf6]
V  [jvm.dll+0x35e51b]
V  [jvm.dll+0x35eb54]
V  [jvm.dll+0x35e706]
V  [jvm.dll+0x2de794]
V  [jvm.dll+0x2da5b0]
V  [jvm.dll+0x2e1685]
V  [jvm.dll+0x2e15ed]
V  [jvm.dll+0x31fb07]
V  [jvm.dll+0x83b11b]
V  [jvm.dll+0x83be61]
V  [jvm.dll+0x83c37d]
V  [jvm.dll+0x83c754]
V  [jvm.dll+0x83c820]
V  [jvm.dll+0x7e3fba]
V  [jvm.dll+0x67c1b5]
C  [ucrtbase.dll+0x21bb2]
C  [KERNEL32.DLL+0x17374]
C  [ntdll.dll+0x4cc91]

VM_Operation (0x00000005ac2f85e0): G1CollectForAllocation, mode: safepoint, requested by thread 0x000001f1d21d1820


---------------  P R O C E S S  ---------------

Threads class SMR info:
_java_thread_list=0x000001f1d22d2c50, length=39, elements={
0x000001f1c6637270, 0x000001f1c6637e00, 0x000001f1c675e290, 0x000001f1c675ee20,
0x000001f1c6760700, 0x000001f1c6760fd0, 0x000001f1c6761950, 0x000001f1c676d770,
0x000001f1c684b410, 0x000001f1c6947430, 0x000001f1cb410010, 0x000001f1cb3f30c0,
0x000001f1cb3f39f0, 0x000001f1cb556fe0, 0x000001f1cb83c1b0, 0x000001f1cb83a350,
0x000001f1cb83cbd0, 0x000001f1cb83bca0, 0x000001f1cb839420, 0x000001f1cb83a860,
0x000001f1cb83ad70, 0x000001f1cb83c6c0, 0x000001f1cb83b790, 0x000001f1d21d1310,
0x000001f1d21d1820, 0x000001f1d21ce070, 0x000001f1d21cf9c0, 0x000001f1d21cf4b0,
0x000001f1d21cfed0, 0x000001f1d21ce580, 0x000001f1d21d03e0, 0x000001f1d21d08f0,
0x000001f1d21d0e00, 0x000001f1d21cea90, 0x000001f1d21cefa0, 0x000001f1cd53b8a0,
0x000001f1cd539530, 0x000001f1d2255a70, 0x000001f1cc23aa30
}

Java Threads: ( => current thread )
  0x000001f1c6637270 JavaThread "Reference Handler" daemon [_thread_blocked, id=17288, stack(0x00000005a9b00000,0x00000005a9c00000)]
  0x000001f1c6637e00 JavaThread "Finalizer" daemon [_thread_blocked, id=22128, stack(0x00000005a9c00000,0x00000005a9d00000)]
  0x000001f1c675e290 JavaThread "Signal Dispatcher" daemon [_thread_blocked, id=5152, stack(0x00000005a9e00000,0x00000005a9f00000)]
  0x000001f1c675ee20 JavaThread "Attach Listener" daemon [_thread_blocked, id=13696, stack(0x00000005a9f00000,0x00000005aa000000)]
  0x000001f1c6760700 JavaThread "Service Thread" daemon [_thread_blocked, id=26712, stack(0x00000005aa000000,0x00000005aa100000)]
  0x000001f1c6760fd0 JavaThread "Monitor Deflation Thread" daemon [_thread_blocked, id=9124, stack(0x00000005aa100000,0x00000005aa200000)]
  0x000001f1c6761950 JavaThread "C1 CompilerThread0" daemon [_thread_blocked, id=20188, stack(0x00000005aa200000,0x00000005aa300000)]
  0x000001f1c676d770 JavaThread "Sweeper thread" daemon [_thread_blocked, id=1656, stack(0x00000005aa300000,0x00000005aa400000)]
  0x000001f1c684b410 JavaThread "Common-Cleaner" daemon [_thread_blocked, id=16812, stack(0x00000005aa400000,0x00000005aa500000)]
  0x000001f1c6947430 JavaThread "Notification Thread" daemon [_thread_blocked, id=22192, stack(0x00000005aa600000,0x00000005aa700000)]
  0x000001f1cb410010 JavaThread "RMI TCP Accept-0" daemon [_thread_in_native, id=11124, stack(0x00000005aa700000,0x00000005aa800000)]
  0x000001f1cb3f30c0 JavaThread "RMI TCP Accept-49383" daemon [_thread_in_native, id=13844, stack(0x00000005aa800000,0x00000005aa900000)]
  0x000001f1cb3f39f0 JavaThread "RMI TCP Accept-0" daemon [_thread_in_native, id=10108, stack(0x00000005aa900000,0x00000005aaa00000)]
  0x000001f1cb556fe0 JavaThread "RMI TCP Connection(idle)" daemon [_thread_blocked, id=10712, stack(0x00000005ab400000,0x00000005ab500000)]
  0x000001f1cb83c1b0 JavaThread "RMI Scheduler(0)" daemon [_thread_blocked, id=11624, stack(0x00000005ab500000,0x00000005ab600000)]
  0x000001f1cb83a350 JavaThread "RMI TCP Connection(3)-127.0.0.1" daemon [_thread_in_native, id=21392, stack(0x00000005ab600000,0x00000005ab700000)]
  0x000001f1cb83cbd0 JavaThread "JMX server connection timeout 24" daemon [_thread_blocked, id=6112, stack(0x00000005ab700000,0x00000005ab800000)]
  0x000001f1cb83bca0 JavaThread "mysql-cj-abandoned-connection-cleanup" daemon [_thread_blocked, id=24080, stack(0x00000005ab900000,0x00000005aba00000)]
  0x000001f1cb839420 JavaThread "HikariPool-1:housekeeper" daemon [_thread_blocked, id=17968, stack(0x00000005abc00000,0x00000005abd00000)]
  0x000001f1cb83a860 JavaThread "Catalina-utility-1" [_thread_blocked, id=17384, stack(0x00000005abe00000,0x00000005abf00000)]
  0x000001f1cb83ad70 JavaThread "Catalina-utility-2" [_thread_blocked, id=27852, stack(0x00000005abf00000,0x00000005ac000000)]
  0x000001f1cb83c6c0 JavaThread "container-0" [_thread_blocked, id=8500, stack(0x00000005ac000000,0x00000005ac100000)]
  0x000001f1cb83b790 JavaThread "File Watcher" daemon [_thread_blocked, id=20040, stack(0x00000005ac100000,0x00000005ac200000)]
  0x000001f1d21d1310 JavaThread "Live Reload Server" daemon [_thread_in_native, id=18724, stack(0x00000005ac300000,0x00000005ac400000)]
  0x000001f1d21d1820 JavaThread "http-nio-8080-exec-1" daemon [_thread_blocked, id=20112, stack(0x00000005ac200000,0x00000005ac300000)]
  0x000001f1d21ce070 JavaThread "http-nio-8080-exec-2" daemon [_thread_blocked, id=9796, stack(0x00000005ac400000,0x00000005ac500000)]
  0x000001f1d21cf9c0 JavaThread "http-nio-8080-exec-3" daemon [_thread_blocked, id=24924, stack(0x00000005ac500000,0x00000005ac600000)]
  0x000001f1d21cf4b0 JavaThread "http-nio-8080-exec-4" daemon [_thread_blocked, id=24008, stack(0x00000005ac600000,0x00000005ac700000)]
  0x000001f1d21cfed0 JavaThread "http-nio-8080-exec-5" daemon [_thread_blocked, id=21344, stack(0x00000005ac700000,0x00000005ac800000)]
  0x000001f1d21ce580 JavaThread "http-nio-8080-exec-6" daemon [_thread_blocked, id=22684, stack(0x00000005ac800000,0x00000005ac900000)]
  0x000001f1d21d03e0 JavaThread "http-nio-8080-exec-7" daemon [_thread_blocked, id=22092, stack(0x00000005ac900000,0x00000005aca00000)]
  0x000001f1d21d08f0 JavaThread "http-nio-8080-exec-8" daemon [_thread_blocked, id=23904, stack(0x00000005aca00000,0x00000005acb00000)]
  0x000001f1d21d0e00 JavaThread "http-nio-8080-exec-9" daemon [_thread_blocked, id=3636, stack(0x00000005acb00000,0x00000005acc00000)]
  0x000001f1d21cea90 JavaThread "http-nio-8080-exec-10" daemon [_thread_blocked, id=27176, stack(0x00000005acc00000,0x00000005acd00000)]
  0x000001f1d21cefa0 JavaThread "http-nio-8080-Poller" daemon [_thread_in_native, id=17380, stack(0x00000005acd00000,0x00000005ace00000)]
  0x000001f1cd53b8a0 JavaThread "http-nio-8080-Acceptor" daemon [_thread_in_native, id=3084, stack(0x00000005ace00000,0x00000005acf00000)]
  0x000001f1cd539530 JavaThread "DestroyJavaVM" [_thread_blocked, id=12844, stack(0x00000005a9400000,0x00000005a9500000)]
  0x000001f1d2255a70 JavaThread "C1 CompilerThread1" daemon [_thread_blocked, id=13812, stack(0x00000005ab300000,0x00000005ab400000)]
  0x000001f1cc23aa30 JavaThread "C1 CompilerThread2" daemon [_thread_blocked, id=644, stack(0x00000005a9200000,0x00000005a9300000)]

Other Threads:
=>0x000001f1c6614aa0 VMThread "VM Thread" [stack: 0x00000005a9a00000,0x00000005a9b00000] [id=16244]
  0x000001f1cb3e9450 WatcherThread [stack: 0x00000005aaa00000,0x00000005aab00000] [id=24200]
  0x000001f1b92165d0 GCTaskThread "GC Thread#0" [stack: 0x00000005a9500000,0x00000005a9600000] [id=20092]
  0x000001f1cb81e030 GCTaskThread "GC Thread#1" [stack: 0x00000005aab00000,0x00000005aac00000] [id=22956]
  0x000001f1cb7d3300 GCTaskThread "GC Thread#2" [stack: 0x00000005aac00000,0x00000005aad00000] [id=12824]
  0x000001f1cb81eca0 GCTaskThread "GC Thread#3" [stack: 0x00000005aad00000,0x00000005aae00000] [id=21484]
  0x000001f1cb834a40 GCTaskThread "GC Thread#4" [stack: 0x00000005aae00000,0x00000005aaf00000] [id=15024]
  0x000001f1cb834d00 GCTaskThread "GC Thread#5" [stack: 0x00000005aaf00000,0x00000005ab000000] [id=10212]
  0x000001f1b92260b0 ConcurrentGCThread "G1 Main Marker" [stack: 0x00000005a9600000,0x00000005a9700000] [id=14620]
  0x000001f1b92279f0 ConcurrentGCThread "G1 Conc#0" [stack: 0x00000005a9700000,0x00000005a9800000] [id=23728]
  0x000001f1cb7d2f30 ConcurrentGCThread "G1 Conc#1" [stack: 0x00000005aba00000,0x00000005abb00000] [id=4560]
  0x000001f1b926e270 ConcurrentGCThread "G1 Refine#0" [stack: 0x00000005a9800000,0x00000005a9900000] [id=25468]
  0x000001f1cb81e2f0 ConcurrentGCThread "G1 Refine#1" [stack: 0x00000005ab000000,0x00000005ab100000] [id=23668]
  0x000001f1cb81e5e0 ConcurrentGCThread "G1 Refine#2" [stack: 0x00000005ab100000,0x00000005ab200000] [id=18772]
  0x000001f1b926eab0 ConcurrentGCThread "G1 Service" [stack: 0x00000005a9900000,0x00000005a9a00000] [id=17184]

Threads with active compile tasks:

VM state: at safepoint (normal execution)

VM Mutex/Monitor currently owned by a thread:  ([mutex/lock_event])
[0x000001f1b91a8f70] Threads_lock - owner thread: 0x000001f1c6614aa0
[0x000001f1b91a7e90] Heap_lock - owner thread: 0x000001f1d21d1820

Heap address: 0x0000000089c00000, size: 1892 MB, Compressed Oops mode: 32-bit

CDS archive(s) not mapped
Compressed class space mapped at: 0x0000000100000000-0x0000000140000000, reserved size: 1073741824
Narrow klass base: 0x0000000000000000, Narrow klass shift: 3, Narrow klass range: 0x140000000

GC Precious Log:
 CPUs: 6 total, 6 available
 Memory: 7564M
 Large Page Support: Disabled
 NUMA Support: Disabled
 Compressed Oops: Enabled (32-bit)
 Heap Region Size: 1M
 Heap Min Capacity: 8M
 Heap Initial Capacity: 120M
 Heap Max Capacity: 1892M
 Pre-touch: Disabled
 Parallel Workers: 6
 Concurrent Workers: 2
 Concurrent Refinement Workers: 6
 Periodic GC: Disabled

Heap:
 garbage-first heap   total 109568K, used 75474K [0x0000000089c00000, 0x0000000100000000)
  region size 1024K, 4 young (4096K), 4 survivors (4096K)
 Metaspace       used 92487K, committed 93184K, reserved 1179648K
  class space    used 13020K, committed 13312K, reserved 1048576K

Heap Regions: E=young(eden), S=young(survivor), O=old, HS=humongous(starts), HC=humongous(continues), CS=collection set, F=free, OA=open archive, CA=closed archive, TAMS=top-at-mark-start (previous, next)
|   0|0x0000000089c00000, 0x0000000089d00000, 0x0000000089d00000|100%|HS|  |TAMS 0x0000000089d00000, 0x0000000089d00000| Complete 
|   1|0x0000000089d00000, 0x0000000089e00000, 0x0000000089e00000|100%|HS|  |TAMS 0x0000000089e00000, 0x0000000089e00000| Complete 
|   2|0x0000000089e00000, 0x0000000089f00000, 0x0000000089f00000|100%| O|  |TAMS 0x0000000089f00000, 0x0000000089f00000| Untracked 
|   3|0x0000000089f00000, 0x000000008a000000, 0x000000008a000000|100%| O|  |TAMS 0x000000008a000000, 0x000000008a000000| Untracked 
|   4|0x000000008a000000, 0x000000008a100000, 0x000000008a100000|100%| O|  |TAMS 0x000000008a100000, 0x000000008a100000| Untracked 
|   5|0x000000008a100000, 0x000000008a200000, 0x000000008a200000|100%| O|  |TAMS 0x000000008a200000, 0x000000008a200000| Untracked 
|   6|0x000000008a200000, 0x000000008a300000, 0x000000008a300000|100%| O|  |TAMS 0x000000008a300000, 0x000000008a300000| Untracked 
|   7|0x000000008a300000, 0x000000008a400000, 0x000000008a400000|100%| O|  |TAMS 0x000000008a400000, 0x000000008a400000| Untracked 
|   8|0x000000008a400000, 0x000000008a500000, 0x000000008a500000|100%| O|  |TAMS 0x000000008a500000, 0x000000008a500000| Untracked 
|   9|0x000000008a500000, 0x000000008a600000, 0x000000008a600000|100%| O|  |TAMS 0x000000008a600000, 0x000000008a600000| Untracked 
|  10|0x000000008a600000, 0x000000008a700000, 0x000000008a700000|100%| O|  |TAMS 0x000000008a700000, 0x000000008a700000| Untracked 
|  11|0x000000008a700000, 0x000000008a800000, 0x000000008a800000|100%| O|  |TAMS 0x000000008a800000, 0x000000008a800000| Untracked 
|  12|0x000000008a800000, 0x000000008a900000, 0x000000008a900000|100%| O|  |TAMS 0x000000008a900000, 0x000000008a900000| Untracked 
|  13|0x000000008a900000, 0x000000008aa00000, 0x000000008aa00000|100%| O|  |TAMS 0x000000008aa00000, 0x000000008aa00000| Untracked 
|  14|0x000000008aa00000, 0x000000008ab00000, 0x000000008ab00000|100%| O|  |TAMS 0x000000008ab00000, 0x000000008ab00000| Untracked 
|  15|0x000000008ab00000, 0x000000008ac00000, 0x000000008ac00000|100%| O|  |TAMS 0x000000008ac00000, 0x000000008ac00000| Untracked 
|  16|0x000000008ac00000, 0x000000008ad00000, 0x000000008ad00000|100%| O|  |TAMS 0x000000008ad00000, 0x000000008ad00000| Untracked 
|  17|0x000000008ad00000, 0x000000008ae00000, 0x000000008ae00000|100%| O|  |TAMS 0x000000008ae00000, 0x000000008ae00000| Untracked 
|  18|0x000000008ae00000, 0x000000008af00000, 0x000000008af00000|100%| O|  |TAMS 0x000000008af00000, 0x000000008af00000| Untracked 
|  19|0x000000008af00000, 0x000000008b000000, 0x000000008b000000|100%| O|  |TAMS 0x000000008b000000, 0x000000008b000000| Untracked 
|  20|0x000000008b000000, 0x000000008b100000, 0x000000008b100000|100%| O|  |TAMS 0x000000008b100000, 0x000000008b100000| Untracked 
|  21|0x000000008b100000, 0x000000008b200000, 0x000000008b200000|100%| O|  |TAMS 0x000000008b200000, 0x000000008b200000| Untracked 
|  22|0x000000008b200000, 0x000000008b300000, 0x000000008b300000|100%| O|  |TAMS 0x000000008b300000, 0x000000008b300000| Untracked 
|  23|0x000000008b300000, 0x000000008b400000, 0x000000008b400000|100%| O|  |TAMS 0x000000008b400000, 0x000000008b400000| Untracked 
|  24|0x000000008b400000, 0x000000008b500000, 0x000000008b500000|100%| O|  |TAMS 0x000000008b500000, 0x000000008b500000| Untracked 
|  25|0x000000008b500000, 0x000000008b600000, 0x000000008b600000|100%| O|  |TAMS 0x000000008b600000, 0x000000008b600000| Untracked 
|  26|0x000000008b600000, 0x000000008b700000, 0x000000008b700000|100%| O|  |TAMS 0x000000008b700000, 0x000000008b700000| Untracked 
|  27|0x000000008b700000, 0x000000008b800000, 0x000000008b800000|100%| O|  |TAMS 0x000000008b800000, 0x000000008b800000| Untracked 
|  28|0x000000008b800000, 0x000000008b900000, 0x000000008b900000|100%| O|  |TAMS 0x000000008b900000, 0x000000008b900000| Untracked 
|  29|0x000000008b900000, 0x000000008ba00000, 0x000000008ba00000|100%| O|  |TAMS 0x000000008b919600, 0x000000008ba00000| Untracked 
|  30|0x000000008ba00000, 0x000000008bb00000, 0x000000008bb00000|100%| O|  |TAMS 0x000000008ba00000, 0x000000008bb00000| Untracked 
|  31|0x000000008bb00000, 0x000000008bc00000, 0x000000008bc00000|100%| O|  |TAMS 0x000000008bb00000, 0x000000008bc00000| Untracked 
|  32|0x000000008bc00000, 0x000000008bd00000, 0x000000008bd00000|100%| O|  |TAMS 0x000000008bc00000, 0x000000008bd00000| Untracked 
|  33|0x000000008bd00000, 0x000000008be00000, 0x000000008be00000|100%| O|  |TAMS 0x000000008bd00000, 0x000000008be00000| Untracked 
|  34|0x000000008be00000, 0x000000008bf00000, 0x000000008bf00000|100%| O|  |TAMS 0x000000008be00000, 0x000000008bf00000| Untracked 
|  35|0x000000008bf00000, 0x000000008c000000, 0x000000008c000000|100%| O|  |TAMS 0x000000008bf00000, 0x000000008c000000| Untracked 
|  36|0x000000008c000000, 0x000000008c100000, 0x000000008c100000|100%| O|  |TAMS 0x000000008c000000, 0x000000008c09d800| Untracked 
|  37|0x000000008c100000, 0x000000008c200000, 0x000000008c200000|100%|HS|  |TAMS 0x000000008c100000, 0x000000008c200000| Complete 
|  38|0x000000008c200000, 0x000000008c300000, 0x000000008c300000|100%|HS|  |TAMS 0x000000008c200000, 0x000000008c300000| Complete 
|  39|0x000000008c300000, 0x000000008c400000, 0x000000008c400000|100%|HC|  |TAMS 0x000000008c300000, 0x000000008c400000| Complete 
|  40|0x000000008c400000, 0x000000008c500000, 0x000000008c500000|100%|HC|  |TAMS 0x000000008c400000, 0x000000008c500000| Complete 
|  41|0x000000008c500000, 0x000000008c600000, 0x000000008c600000|100%|HC|  |TAMS 0x000000008c500000, 0x000000008c600000| Complete 
|  42|0x000000008c600000, 0x000000008c700000, 0x000000008c700000|100%|HC|  |TAMS 0x000000008c600000, 0x000000008c700000| Complete 
|  43|0x000000008c700000, 0x000000008c800000, 0x000000008c800000|100%|HC|  |TAMS 0x000000008c700000, 0x000000008c800000| Complete 
|  44|0x000000008c800000, 0x000000008c900000, 0x000000008c900000|100%|HC|  |TAMS 0x000000008c800000, 0x000000008c900000| Complete 
|  45|0x000000008c900000, 0x000000008c900000, 0x000000008ca00000|  0%| F|  |TAMS 0x000000008c900000, 0x000000008c900000| Untracked 
|  46|0x000000008ca00000, 0x000000008cb00000, 0x000000008cb00000|100%|HS|  |TAMS 0x000000008ca00000, 0x000000008ca00000| Complete 
|  47|0x000000008cb00000, 0x000000008cc00000, 0x000000008cc00000|100%| O|  |TAMS 0x000000008cb00000, 0x000000008cb00000| Untracked 
|  48|0x000000008cc00000, 0x000000008cd00000, 0x000000008cd00000|100%|HS|  |TAMS 0x000000008cc00000, 0x000000008cc00000| Complete 
|  49|0x000000008cd00000, 0x000000008cd00000, 0x000000008ce00000|  0%| F|  |TAMS 0x000000008cd00000, 0x000000008cd00000| Untracked 
|  50|0x000000008ce00000, 0x000000008ce00000, 0x000000008cf00000|  0%| F|  |TAMS 0x000000008ce00000, 0x000000008ce00000| Untracked 
|  51|0x000000008cf00000, 0x000000008d000000, 0x000000008d000000|100%| O|  |TAMS 0x000000008cf00000, 0x000000008cf00000| Untracked 
|  52|0x000000008d000000, 0x000000008d100000, 0x000000008d100000|100%| O|  |TAMS 0x000000008d000000, 0x000000008d000000| Untracked 
|  53|0x000000008d100000, 0x000000008d200000, 0x000000008d200000|100%| O|  |TAMS 0x000000008d100000, 0x000000008d100000| Untracked 
|  54|0x000000008d200000, 0x000000008d300000, 0x000000008d300000|100%| O|  |TAMS 0x000000008d200000, 0x000000008d200000| Untracked 
|  55|0x000000008d300000, 0x000000008d300000, 0x000000008d400000|  0%| F|  |TAMS 0x000000008d300000, 0x000000008d300000| Untracked 
|  56|0x000000008d400000, 0x000000008d400000, 0x000000008d500000|  0%| F|  |TAMS 0x000000008d400000, 0x000000008d400000| Untracked 
|  57|0x000000008d500000, 0x000000008d500000, 0x000000008d600000|  0%| F|  |TAMS 0x000000008d500000, 0x000000008d500000| Untracked 
|  58|0x000000008d600000, 0x000000008d600000, 0x000000008d700000|  0%| F|  |TAMS 0x000000008d600000, 0x000000008d600000| Untracked 
|  59|0x000000008d700000, 0x000000008d800000, 0x000000008d800000|100%| O|  |TAMS 0x000000008d700000, 0x000000008d700000| Untracked 
|  60|0x000000008d800000, 0x000000008d900000, 0x000000008d900000|100%| O|  |TAMS 0x000000008d800000, 0x000000008d800000| Untracked 
|  61|0x000000008d900000, 0x000000008da00000, 0x000000008da00000|100%| O|  |TAMS 0x000000008d900000, 0x000000008d900000| Untracked 
|  62|0x000000008da00000, 0x000000008da00000, 0x000000008db00000|  0%| F|  |TAMS 0x000000008da00000, 0x000000008da00000| Untracked 
|  63|0x000000008db00000, 0x000000008db00000, 0x000000008dc00000|  0%| F|  |TAMS 0x000000008db00000, 0x000000008db00000| Untracked 
|  64|0x000000008dc00000, 0x000000008dc00000, 0x000000008dd00000|  0%| F|  |TAMS 0x000000008dc00000, 0x000000008dc00000| Untracked 
|  65|0x000000008dd00000, 0x000000008de00000, 0x000000008de00000|100%| O|  |TAMS 0x000000008dd00000, 0x000000008dd00000| Untracked 
|  66|0x000000008de00000, 0x000000008df00000, 0x000000008df00000|100%| O|  |TAMS 0x000000008de00000, 0x000000008de00000| Untracked 
|  67|0x000000008df00000, 0x000000008df00000, 0x000000008e000000|  0%| F|  |TAMS 0x000000008df00000, 0x000000008df00000| Untracked 
|  68|0x000000008e000000, 0x000000008e000000, 0x000000008e100000|  0%| F|  |TAMS 0x000000008e000000, 0x000000008e000000| Untracked 
|  69|0x000000008e100000, 0x000000008e100000, 0x000000008e200000|  0%| F|  |TAMS 0x000000008e100000, 0x000000008e100000| Untracked 
|  70|0x000000008e200000, 0x000000008e200000, 0x000000008e300000|  0%| F|  |TAMS 0x000000008e200000, 0x000000008e200000| Untracked 
|  71|0x000000008e300000, 0x000000008e300000, 0x000000008e400000|  0%| F|  |TAMS 0x000000008e300000, 0x000000008e300000| Untracked 
|  72|0x000000008e400000, 0x000000008e400000, 0x000000008e500000|  0%| F|  |TAMS 0x000000008e400000, 0x000000008e400000| Untracked 
|  73|0x000000008e500000, 0x000000008e600000, 0x000000008e600000|100%|HS|  |TAMS 0x000000008e500000, 0x000000008e500000| Complete 
|  74|0x000000008e600000, 0x000000008e700000, 0x000000008e700000|100%|HC|  |TAMS 0x000000008e600000, 0x000000008e600000| Complete 
|  75|0x000000008e700000, 0x000000008e800000, 0x000000008e800000|100%|HC|  |TAMS 0x000000008e700000, 0x000000008e700000| Complete 
|  76|0x000000008e800000, 0x000000008e900000, 0x000000008e900000|100%|HC|  |TAMS 0x000000008e800000, 0x000000008e800000| Complete 
|  77|0x000000008e900000, 0x000000008ea00000, 0x000000008ea00000|100%|HC|  |TAMS 0x000000008e900000, 0x000000008e900000| Complete 
|  78|0x000000008ea00000, 0x000000008eb00000, 0x000000008eb00000|100%|HC|  |TAMS 0x000000008ea00000, 0x000000008ea00000| Complete 
|  79|0x000000008eb00000, 0x000000008ec00000, 0x000000008ec00000|100%|HC|  |TAMS 0x000000008eb00000, 0x000000008eb00000| Complete 
|  80|0x000000008ec00000, 0x000000008ed00000, 0x000000008ed00000|100%|HS|  |TAMS 0x000000008ec00000, 0x000000008ec00000| Complete 
|  81|0x000000008ed00000, 0x000000008ee00000, 0x000000008ee00000|100%|HC|  |TAMS 0x000000008ed00000, 0x000000008ed00000| Complete 
|  82|0x000000008ee00000, 0x000000008ef00000, 0x000000008ef00000|100%|HC|  |TAMS 0x000000008ee00000, 0x000000008ee00000| Complete 
|  83|0x000000008ef00000, 0x000000008f000000, 0x000000008f000000|100%|HC|  |TAMS 0x000000008ef00000, 0x000000008ef00000| Complete 
|  84|0x000000008f000000, 0x000000008f100000, 0x000000008f100000|100%|HC|  |TAMS 0x000000008f000000, 0x000000008f000000| Complete 
|  85|0x000000008f100000, 0x000000008f1d3400, 0x000000008f200000| 82%| O|  |TAMS 0x000000008f100000, 0x000000008f100000| Untracked 
|  86|0x000000008f200000, 0x000000008f200000, 0x000000008f300000|  0%| F|  |TAMS 0x000000008f200000, 0x000000008f200000| Untracked 
|  87|0x000000008f300000, 0x000000008f300000, 0x000000008f400000|  0%| F|  |TAMS 0x000000008f300000, 0x000000008f300000| Untracked 
|  88|0x000000008f400000, 0x000000008f400000, 0x000000008f500000|  0%| F|  |TAMS 0x000000008f400000, 0x000000008f400000| Untracked 
|  89|0x000000008f500000, 0x000000008f500000, 0x000000008f600000|  0%| F|  |TAMS 0x000000008f500000, 0x000000008f500000| Untracked 
|  90|0x000000008f600000, 0x000000008f600000, 0x000000008f700000|  0%| F|  |TAMS 0x000000008f600000, 0x000000008f600000| Untracked 
|  91|0x000000008f700000, 0x000000008f700000, 0x000000008f800000|  0%| F|  |TAMS 0x000000008f700000, 0x000000008f700000| Untracked 
|  92|0x000000008f800000, 0x000000008f800000, 0x000000008f900000|  0%| F|  |TAMS 0x000000008f800000, 0x000000008f800000| Untracked 
|  93|0x000000008f900000, 0x000000008f9e1528, 0x000000008fa00000| 88%| S|CS|TAMS 0x000000008f900000, 0x000000008f900000| Complete 
|  94|0x000000008fa00000, 0x000000008fb00000, 0x000000008fb00000|100%| S|CS|TAMS 0x000000008fa00000, 0x000000008fa00000| Complete 
|  95|0x000000008fb00000, 0x000000008fc00000, 0x000000008fc00000|100%| S|CS|TAMS 0x000000008fb00000, 0x000000008fb00000| Complete 
|  96|0x000000008fc00000, 0x000000008fd00000, 0x000000008fd00000|100%| S|CS|TAMS 0x000000008fc00000, 0x000000008fc00000| Complete 
|  97|0x000000008fd00000, 0x000000008fd00000, 0x000000008fe00000|  0%| F|  |TAMS 0x000000008fd00000, 0x000000008fd00000| Untracked 
|  98|0x000000008fe00000, 0x000000008fe00000, 0x000000008ff00000|  0%| F|  |TAMS 0x000000008fe00000, 0x000000008fe00000| Untracked 
|  99|0x000000008ff00000, 0x000000008ff00000, 0x0000000090000000|  0%| F|  |TAMS 0x000000008ff00000, 0x000000008ff00000| Untracked 
| 100|0x0000000090000000, 0x0000000090000000, 0x0000000090100000|  0%| F|  |TAMS 0x0000000090000000, 0x0000000090000000| Untracked 
| 101|0x0000000090100000, 0x0000000090100000, 0x0000000090200000|  0%| F|  |TAMS 0x0000000090100000, 0x0000000090100000| Untracked 
| 102|0x0000000090200000, 0x0000000090200000, 0x0000000090300000|  0%| F|  |TAMS 0x0000000090200000, 0x0000000090200000| Untracked 
| 108|0x0000000090800000, 0x0000000090800000, 0x0000000090900000|  0%| F|  |TAMS 0x0000000090800000, 0x0000000090800000| Untracked 
| 109|0x0000000090900000, 0x0000000090900000, 0x0000000090a00000|  0%| F|  |TAMS 0x0000000090900000, 0x0000000090900000| Untracked 
| 110|0x0000000090a00000, 0x0000000090a00000, 0x0000000090b00000|  0%| F|  |TAMS 0x0000000090a00000, 0x0000000090a00000| Untracked 
| 119|0x0000000091300000, 0x0000000091300000, 0x0000000091400000|  0%| F|  |TAMS 0x0000000091300000, 0x0000000091300000| Untracked 

Card table byte_map: [0x000001f1bfc40000,0x000001f1c0000000] _byte_map_base: 0x000001f1bf7f2000

Marking Bits (Prev, Next): (CMBitMap*) 0x000001f1b9216b40, (CMBitMap*) 0x000001f1b9216b00
 Prev Bits: [0x000001f1c2150000, 0x000001f1c3ee0000)
 Next Bits: [0x000001f1c03c0000, 0x000001f1c2150000)

Polling page: 0x000001f1b70f0000

Metaspace:

Usage:
  Non-class:     77.60 MB used.
      Class:     12.71 MB used.
       Both:     90.32 MB used.

Virtual space:
  Non-class space:      128.00 MB reserved,      78.00 MB ( 61%) committed,  2 nodes.
      Class space:        1.00 GB reserved,      13.00 MB (  1%) committed,  1 nodes.
             Both:        1.12 GB reserved,      91.00 MB (  8%) committed. 

Chunk freelists:
   Non-Class:  1.29 MB
       Class:  2.82 MB
        Both:  4.11 MB

MaxMetaspaceSize: unlimited
CompressedClassSpaceSize: 1.00 GB
Initial GC threshold: 21.00 MB
Current GC threshold: 123.69 MB
CDS: off
MetaspaceReclaimPolicy: balanced
 - commit_granule_bytes: 65536.
 - commit_granule_words: 8192.
 - virtual_space_node_default_size: 8388608.
 - enlarge_chunks_in_place: 1.
 - new_chunks_are_fully_committed: 0.
 - uncommit_free_chunks: 1.
 - use_allocation_guard: 0.
 - handle_deallocations: 1.


Internal statistics:

num_allocs_failed_limit: 14.
num_arena_births: 980.
num_arena_deaths: 0.
num_vsnodes_births: 3.
num_vsnodes_deaths: 0.
num_space_committed: 1454.
num_space_uncommitted: 0.
num_chunks_returned_to_freelist: 14.
num_chunks_taken_from_freelist: 4011.
num_chunk_merges: 12.
num_chunk_splits: 2916.
num_chunks_enlarged: 2259.
num_inconsistent_stats: 0.

CodeCache: size=49152Kb used=13689Kb max_used=13689Kb free=35462Kb
 bounds [0x000001f1bc880000, 0x000001f1bd5e0000, 0x000001f1bf880000]
 total_blobs=8048 nmethods=7300 adapters=673
 compilation: enabled
              stopped_count=0, restarted_count=0
 full_count=0

Compilation events (20 events):
Event: 61.385 Thread 0x000001f1c6761950 7291       1       org.hibernate.sql.results.internal.SqlSelectionImpl::getJdbcResultSetIndex (5 bytes)
Event: 61.385 Thread 0x000001f1c6761950 nmethod 7291 0x000001f1bd5dc390 code [0x000001f1bd5dc520, 0x000001f1bd5dc5f8]
Event: 61.385 Thread 0x000001f1c6761950 7292       1       com.mysql.cj.protocol.result.AbstractResultsetRow::wasNull (5 bytes)
Event: 61.385 Thread 0x000001f1c6761950 nmethod 7292 0x000001f1bd5dc690 code [0x000001f1bd5dc820, 0x000001f1bd5dc8f8]
Event: 61.388 Thread 0x000001f1cc23aa30 7295       1       jdk.internal.reflect.UnsafeFieldAccessorImpl::ensureObj (23 bytes)
Event: 61.388 Thread 0x000001f1cc23aa30 nmethod 7295 0x000001f1bd5dc990 code [0x000001f1bd5dcb60, 0x000001f1bd5dcd98]
Event: 61.388 Thread 0x000001f1cc23aa30 7293       1       org.hibernate.sql.results.graph.DomainResultAssembler::getInitializer (2 bytes)
Event: 61.389 Thread 0x000001f1cc23aa30 nmethod 7293 0x000001f1bd5dcf90 code [0x000001f1bd5dd120, 0x000001f1bd5dd1f8]
Event: 61.389 Thread 0x000001f1cc23aa30 7294       1       org.hibernate.engine.internal.StatefulPersistenceContext$EntityHolderImpl::getEntityInitializer (5 bytes)
Event: 61.389 Thread 0x000001f1cc23aa30 nmethod 7294 0x000001f1bd5dd290 code [0x000001f1bd5dd420, 0x000001f1bd5dd4f8]
Event: 61.389 Thread 0x000001f1cc23aa30 7296       1       org.hibernate.engine.spi.EntityKey::getIdentifier (5 bytes)
Event: 61.389 Thread 0x000001f1cc23aa30 nmethod 7296 0x000001f1bd5dd590 code [0x000001f1bd5dd720, 0x000001f1bd5dd7f8]
Event: 61.390 Thread 0x000001f1d2255a70 7297       1       java.util.Calendar::getFirstDayOfWeek (5 bytes)
Event: 61.390 Thread 0x000001f1d2255a70 nmethod 7297 0x000001f1bd5dd890 code [0x000001f1bd5dda20, 0x000001f1bd5ddaf8]
Event: 61.390 Thread 0x000001f1d2255a70 7299       1       java.util.concurrent.atomic.AtomicBoolean::set (14 bytes)
Event: 61.390 Thread 0x000001f1d2255a70 nmethod 7299 0x000001f1bd5ddb90 code [0x000001f1bd5ddd20, 0x000001f1bd5dddf8]
Event: 61.390 Thread 0x000001f1d2255a70 7298       1       java.util.Calendar::getMinimalDaysInFirstWeek (5 bytes)
Event: 61.390 Thread 0x000001f1d2255a70 nmethod 7298 0x000001f1bd5dde90 code [0x000001f1bd5de020, 0x000001f1bd5de0f8]
Event: 61.390 Thread 0x000001f1c6761950 7300       1       org.hibernate.sql.results.graph.InitializerData::setInstance (6 bytes)
Event: 61.390 Thread 0x000001f1c6761950 nmethod 7300 0x000001f1bd5de190 code [0x000001f1bd5de320, 0x000001f1bd5de438]

GC Heap History (20 events):
Event: 8.397 GC heap before
{Heap before GC invocations=22 (full 0):
 garbage-first heap   total 65536K, used 52432K [0x0000000089c00000, 0x0000000100000000)
  region size 1024K, 26 young (26624K), 4 survivors (4096K)
 Metaspace       used 75380K, committed 75968K, reserved 1179648K
  class space    used 10412K, committed 10688K, reserved 1048576K
}
Event: 8.402 GC heap after
{Heap after GC invocations=23 (full 0):
 garbage-first heap   total 65536K, used 32802K [0x0000000089c00000, 0x0000000100000000)
  region size 1024K, 3 young (3072K), 3 survivors (3072K)
 Metaspace       used 75380K, committed 75968K, reserved 1179648K
  class space    used 10412K, committed 10688K, reserved 1048576K
}
Event: 8.475 GC heap before
{Heap before GC invocations=23 (full 0):
 garbage-first heap   total 65536K, used 52258K [0x0000000089c00000, 0x0000000100000000)
  region size 1024K, 22 young (22528K), 3 survivors (3072K)
 Metaspace       used 75383K, committed 75968K, reserved 1179648K
  class space    used 10412K, committed 10688K, reserved 1048576K
}
Event: 8.479 GC heap after
{Heap after GC invocations=24 (full 0):
 garbage-first heap   total 65536K, used 35621K [0x0000000089c00000, 0x0000000100000000)
  region size 1024K, 3 young (3072K), 3 survivors (3072K)
 Metaspace       used 75383K, committed 75968K, reserved 1179648K
  class space    used 10412K, committed 10688K, reserved 1048576K
}
Event: 8.525 GC heap before
{Heap before GC invocations=24 (full 0):
 garbage-first heap   total 80896K, used 49957K [0x0000000089c00000, 0x0000000100000000)
  region size 1024K, 17 young (17408K), 3 survivors (3072K)
 Metaspace       used 75387K, committed 75968K, reserved 1179648K
  class space    used 10412K, committed 10688K, reserved 1048576K
}
Event: 8.528 GC heap after
{Heap after GC invocations=25 (full 0):
 garbage-first heap   total 80896K, used 36959K [0x0000000089c00000, 0x0000000100000000)
  region size 1024K, 2 young (2048K), 2 survivors (2048K)
 Metaspace       used 75387K, committed 75968K, reserved 1179648K
  class space    used 10412K, committed 10688K, reserved 1048576K
}
Event: 8.746 GC heap before
{Heap before GC invocations=26 (full 0):
 garbage-first heap   total 80896K, used 61535K [0x0000000089c00000, 0x0000000100000000)
  region size 1024K, 27 young (27648K), 2 survivors (2048K)
 Metaspace       used 76961K, committed 77568K, reserved 1179648K
  class space    used 10791K, committed 11072K, reserved 1048576K
}
Event: 8.753 GC heap after
{Heap after GC invocations=27 (full 0):
 garbage-first heap   total 80896K, used 39145K [0x0000000089c00000, 0x0000000100000000)
  region size 1024K, 4 young (4096K), 4 survivors (4096K)
 Metaspace       used 76961K, committed 77568K, reserved 1179648K
  class space    used 10791K, committed 11072K, reserved 1048576K
}
Event: 8.827 GC heap before
{Heap before GC invocations=27 (full 0):
 garbage-first heap   total 80896K, used 63721K [0x0000000089c00000, 0x0000000100000000)
  region size 1024K, 28 young (28672K), 4 survivors (4096K)
 Metaspace       used 76964K, committed 77568K, reserved 1179648K
  class space    used 10791K, committed 11072K, reserved 1048576K
}
Event: 8.830 GC heap after
{Heap after GC invocations=28 (full 0):
 garbage-first heap   total 109568K, used 38051K [0x0000000089c00000, 0x0000000100000000)
  region size 1024K, 1 young (1024K), 1 survivors (1024K)
 Metaspace       used 76964K, committed 77568K, reserved 1179648K
  class space    used 10791K, committed 11072K, reserved 1048576K
}
Event: 9.107 GC heap before
{Heap before GC invocations=28 (full 0):
 garbage-first heap   total 109568K, used 89251K [0x0000000089c00000, 0x0000000100000000)
  region size 1024K, 51 young (52224K), 1 survivors (1024K)
 Metaspace       used 76979K, committed 77568K, reserved 1179648K
  class space    used 10792K, committed 11072K, reserved 1048576K
}
Event: 9.111 GC heap after
{Heap after GC invocations=29 (full 0):
 garbage-first heap   total 109568K, used 39573K [0x0000000089c00000, 0x0000000100000000)
  region size 1024K, 3 young (3072K), 3 survivors (3072K)
 Metaspace       used 76979K, committed 77568K, reserved 1179648K
  class space    used 10792K, committed 11072K, reserved 1048576K
}
Event: 9.792 GC heap before
{Heap before GC invocations=29 (full 0):
 garbage-first heap   total 109568K, used 88725K [0x0000000089c00000, 0x0000000100000000)
  region size 1024K, 52 young (53248K), 3 survivors (3072K)
 Metaspace       used 80799K, committed 81472K, reserved 1179648K
  class space    used 11359K, committed 11648K, reserved 1048576K
}
Event: 9.794 GC heap after
{Heap after GC invocations=30 (full 0):
 garbage-first heap   total 109568K, used 40067K [0x0000000089c00000, 0x0000000100000000)
  region size 1024K, 3 young (3072K), 3 survivors (3072K)
 Metaspace       used 80799K, committed 81472K, reserved 1179648K
  class space    used 11359K, committed 11648K, reserved 1048576K
}
Event: 50.274 GC heap before
{Heap before GC invocations=30 (full 0):
 garbage-first heap   total 109568K, used 90243K [0x0000000089c00000, 0x0000000100000000)
  region size 1024K, 52 young (53248K), 3 survivors (3072K)
 Metaspace       used 87167K, committed 87808K, reserved 1179648K
  class space    used 12299K, committed 12608K, reserved 1048576K
}
Event: 50.281 GC heap after
{Heap after GC invocations=31 (full 0):
 garbage-first heap   total 109568K, used 43857K [0x0000000089c00000, 0x0000000100000000)
  region size 1024K, 7 young (7168K), 7 survivors (7168K)
 Metaspace       used 87167K, committed 87808K, reserved 1179648K
  class space    used 12299K, committed 12608K, reserved 1048576K
}
Event: 61.364 GC heap before
{Heap before GC invocations=31 (full 0):
 garbage-first heap   total 109568K, used 88913K [0x0000000089c00000, 0x0000000100000000)
  region size 1024K, 41 young (41984K), 7 survivors (7168K)
 Metaspace       used 92483K, committed 93184K, reserved 1179648K
  class space    used 13019K, committed 13312K, reserved 1048576K
}
Event: 61.375 GC heap after
{Heap after GC invocations=32 (full 0):
 garbage-first heap   total 109568K, used 60478K [0x0000000089c00000, 0x0000000100000000)
  region size 1024K, 6 young (6144K), 6 survivors (6144K)
 Metaspace       used 92483K, committed 93184K, reserved 1179648K
  class space    used 13019K, committed 13312K, reserved 1048576K
}
Event: 61.395 GC heap before
{Heap before GC invocations=32 (full 0):
 garbage-first heap   total 109568K, used 90174K [0x0000000089c00000, 0x0000000100000000)
  region size 1024K, 16 young (16384K), 6 survivors (6144K)
 Metaspace       used 92487K, committed 93184K, reserved 1179648K
  class space    used 13020K, committed 13312K, reserved 1048576K
}
Event: 61.399 GC heap after
{Heap after GC invocations=33 (full 0):
 garbage-first heap   total 109568K, used 75474K [0x0000000089c00000, 0x0000000100000000)
  region size 1024K, 4 young (4096K), 4 survivors (4096K)
 Metaspace       used 92487K, committed 93184K, reserved 1179648K
  class space    used 13020K, committed 13312K, reserved 1048576K
}

Dll operation events (10 events):
Event: 0.009 Loaded shared library D:\Software\Spring Tool Suite\sts-4.22.0.RELEASE\plugins\org.eclipse.justj.openjdk.hotspot.jre.full.win32.x86_64_17.0.10.v20240120-1143\jre\bin\java.dll
Event: 0.256 Loaded shared library D:\Software\Spring Tool Suite\sts-4.22.0.RELEASE\plugins\org.eclipse.justj.openjdk.hotspot.jre.full.win32.x86_64_17.0.10.v20240120-1143\jre\bin\jimage.dll
Event: 0.276 Loaded shared library D:\Software\Spring Tool Suite\sts-4.22.0.RELEASE\plugins\org.eclipse.justj.openjdk.hotspot.jre.full.win32.x86_64_17.0.10.v20240120-1143\jre\bin\net.dll
Event: 0.278 Loaded shared library D:\Software\Spring Tool Suite\sts-4.22.0.RELEASE\plugins\org.eclipse.justj.openjdk.hotspot.jre.full.win32.x86_64_17.0.10.v20240120-1143\jre\bin\nio.dll
Event: 0.285 Loaded shared library D:\Software\Spring Tool Suite\sts-4.22.0.RELEASE\plugins\org.eclipse.justj.openjdk.hotspot.jre.full.win32.x86_64_17.0.10.v20240120-1143\jre\bin\zip.dll
Event: 0.384 Loaded shared library D:\Software\Spring Tool Suite\sts-4.22.0.RELEASE\plugins\org.eclipse.justj.openjdk.hotspot.jre.full.win32.x86_64_17.0.10.v20240120-1143\jre\bin\management.dll
Event: 0.402 Loaded shared library D:\Software\Spring Tool Suite\sts-4.22.0.RELEASE\plugins\org.eclipse.justj.openjdk.hotspot.jre.full.win32.x86_64_17.0.10.v20240120-1143\jre\bin\management_ext.dll
Event: 0.666 Loaded shared library D:\Software\Spring Tool Suite\sts-4.22.0.RELEASE\plugins\org.eclipse.justj.openjdk.hotspot.jre.full.win32.x86_64_17.0.10.v20240120-1143\jre\bin\extnet.dll
Event: 2.047 Loaded shared library D:\Software\Spring Tool Suite\sts-4.22.0.RELEASE\plugins\org.eclipse.justj.openjdk.hotspot.jre.full.win32.x86_64_17.0.10.v20240120-1143\jre\bin\sunmscapi.dll
Event: 4.796 Loaded shared library D:\Software\Spring Tool Suite\sts-4.22.0.RELEASE\plugins\org.eclipse.justj.openjdk.hotspot.jre.full.win32.x86_64_17.0.10.v20240120-1143\jre\bin\verify.dll

Deoptimization events (4 events):
Event: 3.553 Thread 0x000001f1c6b3a660 DEOPT PACKING pc=0x000001f1bcfeba6c sp=0x00000005ab3fb6b0
Event: 3.553 Thread 0x000001f1c6b3a660 DEOPT UNPACKING pc=0x000001f1bc8d7143 sp=0x00000005ab3fac38 mode 0
Event: 3.553 Thread 0x000001f1c6b3a660 DEOPT PACKING pc=0x000001f1bcf8f04c sp=0x00000005ab3fb890
Event: 3.553 Thread 0x000001f1c6b3a660 DEOPT UNPACKING pc=0x000001f1bc8d7143 sp=0x00000005ab3fad50 mode 0

Classes unloaded (0 events):
No events

Classes redefined (0 events):
No events

Internal exceptions (20 events):
Event: 10.353 Thread 0x000001f1c6b3a660 Exception <a 'java/lang/IncompatibleClassChangeError'{0x000000008e9f1740}: Found class java.lang.Object, but interface was expected> (0x000000008e9f1740) 
thrown [s\src\hotspot\share\interpreter\linkResolver.cpp, line 826]
Event: 10.384 Thread 0x000001f1c6b3a660 Exception <a 'java/lang/NoSuchMethodError'{0x000000008e777148}: 'java.lang.Object java.lang.invoke.DirectMethodHandle$Holder.invokeSpecial(java.lang.Object, java.lang.Object, java.lang.Object, java.lang.Object, java.lang.Object, java.lang.Object, java.lang.Object, java.lang.Object, java.lang.Object, java.lang.Object, java.lang.Object)'> (0x000000008e777148) 
thrown [s\src\hotspot\share\interpreter\linkResolver.cpp, line 759]
Event: 10.384 Thread 0x000001f1c6b3a660 Exception <a 'java/lang/NoSuchMethodError'{0x000000008e77b578}: 'java.lang.Object java.lang.invoke.Invokers$Holder.invoke_MT(java.lang.Object, java.lang.Object, java.lang.Object, java.lang.Object, java.lang.Object, java.lang.Object, java.lang.Object, java.lang.Object, java.lang.Object, java.lang.Object, java.lang.Object)'> (0x000000008e77b578) 
thrown [s\src\hotspot\share\interpreter\linkResolver.cpp, line 759]
Event: 10.467 Thread 0x000001f1c6b3a660 Exception <a 'java/lang/NoSuchMethodError'{0x000000008e3cea30}: 'void java.lang.invoke.DirectMethodHandle$Holder.invokeSpecial(java.lang.Object, java.lang.Object, int, java.lang.Object, java.lang.Object, java.lang.Object, java.lang.Object)'> (0x000000008e3cea30) 
thrown [s\src\hotspot\share\interpreter\linkResolver.cpp, line 759]
Event: 10.467 Thread 0x000001f1c6b3a660 Exception <a 'java/lang/NoSuchMethodError'{0x000000008e3d6b90}: 'java.lang.Object java.lang.invoke.DirectMethodHandle$Holder.newInvokeSpecial(java.lang.Object, java.lang.Object, int, java.lang.Object, java.lang.Object)'> (0x000000008e3d6b90) 
thrown [s\src\hotspot\share\interpreter\linkResolver.cpp, line 759]
Event: 50.072 Thread 0x000001f1cd53b8a0 Exception <a 'java/lang/NoSuchMethodError'{0x000000008e031340}: 'java.lang.Object java.lang.invoke.DirectMethodHandle$Holder.invokeStaticInit(java.lang.Object, java.lang.Object, java.lang.Object, int, int)'> (0x000000008e031340) 
thrown [s\src\hotspot\share\interpreter\linkResolver.cpp, line 759]
Event: 50.129 Thread 0x000001f1d21d1820 Exception <a 'java/lang/NoSuchMethodError'{0x000000008dac3630}: 'java.lang.Object java.lang.invoke.DirectMethodHandle$Holder.invokeSpecial(java.lang.Object, java.lang.Object, java.lang.Object, java.lang.Object, java.lang.Object, long)'> (0x000000008dac3630) 
thrown [s\src\hotspot\share\interpreter\linkResolver.cpp, line 759]
Event: 50.129 Thread 0x000001f1d21d1820 Exception <a 'java/lang/NoSuchMethodError'{0x000000008dac7070}: 'java.lang.Object java.lang.invoke.Invokers$Holder.linkToTargetMethod(java.lang.Object, java.lang.Object, java.lang.Object, long, java.lang.Object)'> (0x000000008dac7070) 
thrown [s\src\hotspot\share\interpreter\linkResolver.cpp, line 759]
Event: 50.691 Thread 0x000001f1d21d1820 Exception <a 'java/io/IOException'{0x000000008f90d660}> (0x000000008f90d660) 
thrown [s\src\hotspot\share\prims\jni.cpp, line 516]
Event: 53.466 Thread 0x000001f1d21cf9c0 Exception <a 'java/lang/NoSuchMethodError'{0x000000008f9cbb88}: 'java.lang.Object java.lang.invoke.DirectMethodHandle$Holder.invokeStatic(java.lang.Object, int, int)'> (0x000000008f9cbb88) 
thrown [s\src\hotspot\share\interpreter\linkResolver.cpp, line 759]
Event: 60.251 Thread 0x000001f1d21d0e00 Exception <a 'java/lang/IncompatibleClassChangeError'{0x000000008f610f60}: Found class java.lang.Object, but interface was expected> (0x000000008f610f60) 
thrown [s\src\hotspot\share\interpreter\linkResolver.cpp, line 826]
Event: 60.581 Thread 0x000001f1d21d0e00 Exception <a 'java/lang/NoSuchMethodError'{0x000000008efd2c78}: 'java.lang.Object java.lang.invoke.Invokers$Holder.linkToTargetMethod(java.lang.Object, int, java.lang.Object, java.lang.Object, java.lang.Object, java.lang.Object)'> (0x000000008efd2c78) 
thrown [s\src\hotspot\share\interpreter\linkResolver.cpp, line 759]
Event: 60.582 Thread 0x000001f1d21d0e00 Exception <a 'java/lang/NoSuchMethodError'{0x000000008efe0078}: 'int java.lang.invoke.DirectMethodHandle$Holder.invokeStatic(java.lang.Object, java.lang.Object, int, java.lang.Object)'> (0x000000008efe0078) 
thrown [s\src\hotspot\share\interpreter\linkResolver.cpp, line 759]
Event: 60.700 Thread 0x000001f1d21d08f0 Exception <a 'java/lang/NoSuchMethodError'{0x000000008eb42dd0}: 'java.lang.Object java.lang.invoke.DirectMethodHandle$Holder.invokeInterface(java.lang.Object, java.lang.Object, java.lang.Object, java.lang.Object)'> (0x000000008eb42dd0) 
thrown [s\src\hotspot\share\interpreter\linkResolver.cpp, line 759]
Event: 60.706 Thread 0x000001f1d21d08f0 Exception <a 'java/lang/IncompatibleClassChangeError'{0x000000008eb64ec8}: Found class java.lang.Object, but interface was expected> (0x000000008eb64ec8) 
thrown [s\src\hotspot\share\interpreter\linkResolver.cpp, line 826]
Event: 60.742 Thread 0x000001f1d21d08f0 Exception <a 'java/lang/NoSuchMethodError'{0x000000008ea16750}: 'java.lang.Object java.lang.invoke.DirectMethodHandle$Holder.invokeStatic(java.lang.Object, java.lang.Object, java.lang.Object, java.lang.Object, int, java.lang.Object)'> (0x000000008ea16750) 
thrown [s\src\hotspot\share\interpreter\linkResolver.cpp, line 759]
Event: 60.743 Thread 0x000001f1d21d08f0 Exception <a 'java/lang/NoSuchMethodError'{0x000000008ea1ecb8}: 'java.lang.Object java.lang.invoke.DirectMethodHandle$Holder.newInvokeSpecial(java.lang.Object, java.lang.Object, java.lang.Object, java.lang.Object, int)'> (0x000000008ea1ecb8) 
thrown [s\src\hotspot\share\interpreter\linkResolver.cpp, line 759]
Event: 60.743 Thread 0x000001f1d21d08f0 Exception <a 'java/lang/NoSuchMethodError'{0x000000008ea23998}: 'java.lang.Object java.lang.invoke.DirectMethodHandle$Holder.invokeSpecial(java.lang.Object, java.lang.Object, java.lang.Object, java.lang.Object, java.lang.Object, int)'> (0x000000008ea23998) 
thrown [s\src\hotspot\share\interpreter\linkResolver.cpp, line 759]
Event: 60.743 Thread 0x000001f1d21d08f0 Exception <a 'java/lang/NoSuchMethodError'{0x000000008ea27c78}: 'java.lang.Object java.lang.invoke.Invokers$Holder.linkToTargetMethod(java.lang.Object, java.lang.Object, java.lang.Object, int, java.lang.Object)'> (0x000000008ea27c78) 
thrown [s\src\hotspot\share\interpreter\linkResolver.cpp, line 759]
Event: 61.351 Thread 0x000001f1d21d1820 Exception <a 'java/lang/IncompatibleClassChangeError'{0x000000008e662990}: Found class java.lang.Object, but interface was expected> (0x000000008e662990) 
thrown [s\src\hotspot\share\interpreter\linkResolver.cpp, line 826]

VM Operations (20 events):
Event: 50.281 Executing VM operation: G1CollectForAllocation done
Event: 50.284 Executing VM operation: HandshakeAllThreads
Event: 50.284 Executing VM operation: HandshakeAllThreads done
Event: 50.555 Executing VM operation: HandshakeAllThreads
Event: 50.555 Executing VM operation: HandshakeAllThreads done
Event: 51.565 Executing VM operation: Cleanup
Event: 51.565 Executing VM operation: Cleanup done
Event: 53.573 Executing VM operation: Cleanup
Event: 53.573 Executing VM operation: Cleanup done
Event: 60.140 Executing VM operation: HandshakeAllThreads
Event: 60.140 Executing VM operation: HandshakeAllThreads done
Event: 60.512 Executing VM operation: HandshakeAllThreads
Event: 60.512 Executing VM operation: HandshakeAllThreads done
Event: 60.512 Executing VM operation: Cleanup
Event: 60.513 Executing VM operation: Cleanup done
Event: 60.565 Executing VM operation: HandshakeAllThreads
Event: 60.566 Executing VM operation: HandshakeAllThreads done
Event: 61.364 Executing VM operation: G1TryInitiateConcMark
Event: 61.375 Executing VM operation: G1TryInitiateConcMark done
Event: 61.395 Executing VM operation: G1CollectForAllocation

Events (20 events):
Event: 60.747 loading class java/util/OptionalLong done
Event: 60.747 loading class java/util/concurrent/atomic/AtomicIntegerArray
Event: 60.748 loading class java/util/concurrent/atomic/AtomicIntegerArray done
Event: 60.748 loading class java/util/concurrent/atomic/AtomicLongFieldUpdater
Event: 60.748 loading class java/util/concurrent/atomic/AtomicLongFieldUpdater done
Event: 60.748 loading class java/util/concurrent/atomic/AtomicMarkableReference
Event: 60.748 loading class java/util/concurrent/atomic/AtomicMarkableReference done
Event: 60.748 loading class java/util/concurrent/atomic/AtomicStampedReference
Event: 60.749 loading class java/util/concurrent/atomic/AtomicStampedReference done
Event: 60.749 loading class java/util/concurrent/atomic/DoubleAccumulator
Event: 60.749 loading class java/util/concurrent/atomic/DoubleAccumulator done
Event: 60.749 loading class java/util/concurrent/atomic/DoubleAdder
Event: 60.749 loading class java/util/concurrent/atomic/DoubleAdder done
Event: 60.749 loading class java/util/concurrent/atomic/LongAccumulator
Event: 60.749 loading class java/util/concurrent/atomic/LongAccumulator done
Event: 60.801 loading class java/util/concurrent/locks/ReentrantReadWriteLock$Sync$HoldCounter
Event: 60.802 loading class java/util/concurrent/locks/ReentrantReadWriteLock$Sync$HoldCounter done
Event: 60.959 Thread 0x000001f1cc23aa30 Thread added: 0x000001f1cc23aa30
Event: 61.363 loading class jdk/internal/reflect/UnsafeDoubleFieldAccessorImpl
Event: 61.363 loading class jdk/internal/reflect/UnsafeDoubleFieldAccessorImpl done


Dynamic libraries:
0x00007ff6e2670000 - 0x00007ff6e267e000 	D:\Software\Spring Tool Suite\sts-4.22.0.RELEASE\plugins\org.eclipse.justj.openjdk.hotspot.jre.full.win32.x86_64_17.0.10.v20240120-1143\jre\bin\javaw.exe
0x00007ffe0b7d0000 - 0x00007ffe0b9c8000 	C:\WINDOWS\SYSTEM32\ntdll.dll
0x00007ffe0aea0000 - 0x00007ffe0af62000 	C:\WINDOWS\System32\KERNEL32.DLL
0x00007ffe094c0000 - 0x00007ffe097b6000 	C:\WINDOWS\System32\KERNELBASE.dll
0x00007ffe091d0000 - 0x00007ffe092d0000 	C:\WINDOWS\System32\ucrtbase.dll
0x00007ffde9450000 - 0x00007ffde9467000 	D:\Software\Spring Tool Suite\sts-4.22.0.RELEASE\plugins\org.eclipse.justj.openjdk.hotspot.jre.full.win32.x86_64_17.0.10.v20240120-1143\jre\bin\jli.dll
0x00007ffe0a3d0000 - 0x00007ffe0a571000 	C:\WINDOWS\System32\USER32.dll
0x00007ffe08f90000 - 0x00007ffe08fb2000 	C:\WINDOWS\System32\win32u.dll
0x00007ffe0b120000 - 0x00007ffe0b14b000 	C:\WINDOWS\System32\GDI32.dll
0x00007ffe090b0000 - 0x00007ffe091c9000 	C:\WINDOWS\System32\gdi32full.dll
0x00007ffe09010000 - 0x00007ffe090ad000 	C:\WINDOWS\System32\msvcp_win.dll
0x00007ffde8600000 - 0x00007ffde861b000 	D:\Software\Spring Tool Suite\sts-4.22.0.RELEASE\plugins\org.eclipse.justj.openjdk.hotspot.jre.full.win32.x86_64_17.0.10.v20240120-1143\jre\bin\VCRUNTIME140.dll
0x00007ffdf3f80000 - 0x00007ffdf421b000 	C:\WINDOWS\WinSxS\amd64_microsoft.windows.common-controls_6595b64144ccf1df_6.0.19041.6456_none_60b8a6cb71f64256\COMCTL32.dll
0x00007ffe0b080000 - 0x00007ffe0b11e000 	C:\WINDOWS\System32\msvcrt.dll
0x00007ffe0af70000 - 0x00007ffe0af9f000 	C:\WINDOWS\System32\IMM32.DLL
0x00007ffdfbe00000 - 0x00007ffdfbe0c000 	D:\Software\Spring Tool Suite\sts-4.22.0.RELEASE\plugins\org.eclipse.justj.openjdk.hotspot.jre.full.win32.x86_64_17.0.10.v20240120-1143\jre\bin\vcruntime140_1.dll
0x00007ffdbea50000 - 0x00007ffdbeadd000 	D:\Software\Spring Tool Suite\sts-4.22.0.RELEASE\plugins\org.eclipse.justj.openjdk.hotspot.jre.full.win32.x86_64_17.0.10.v20240120-1143\jre\bin\msvcp140.dll
0x00007ffd61ca0000 - 0x00007ffd62902000 	D:\Software\Spring Tool Suite\sts-4.22.0.RELEASE\plugins\org.eclipse.justj.openjdk.hotspot.jre.full.win32.x86_64_17.0.10.v20240120-1143\jre\bin\server\jvm.dll
0x00007ffe0aaf0000 - 0x00007ffe0aba1000 	C:\WINDOWS\System32\ADVAPI32.dll
0x00007ffe0adf0000 - 0x00007ffe0ae8f000 	C:\WINDOWS\System32\sechost.dll
0x00007ffe0b600000 - 0x00007ffe0b720000 	C:\WINDOWS\System32\RPCRT4.dll
0x00007ffe097c0000 - 0x00007ffe097e7000 	C:\WINDOWS\System32\bcrypt.dll
0x00007ffe089d0000 - 0x00007ffe08a1b000 	C:\WINDOWS\SYSTEM32\POWRPROF.dll
0x00007ffde9180000 - 0x00007ffde9189000 	C:\WINDOWS\SYSTEM32\WSOCK32.dll
0x00007ffe0b720000 - 0x00007ffe0b78b000 	C:\WINDOWS\System32\WS2_32.dll
0x00007ffdfed60000 - 0x00007ffdfed87000 	C:\WINDOWS\SYSTEM32\WINMM.dll
0x00007ffdff790000 - 0x00007ffdff79a000 	C:\WINDOWS\SYSTEM32\VERSION.dll
0x00007ffe089b0000 - 0x00007ffe089c2000 	C:\WINDOWS\SYSTEM32\UMPDC.dll
0x00007ffe07670000 - 0x00007ffe07682000 	C:\WINDOWS\SYSTEM32\kernel.appcore.dll
0x00007ffe02300000 - 0x00007ffe0230a000 	D:\Software\Spring Tool Suite\sts-4.22.0.RELEASE\plugins\org.eclipse.justj.openjdk.hotspot.jre.full.win32.x86_64_17.0.10.v20240120-1143\jre\bin\jimage.dll
0x00007ffe07300000 - 0x00007ffe07501000 	C:\WINDOWS\SYSTEM32\DBGHELP.DLL
0x00007ffdef790000 - 0x00007ffdef7c4000 	C:\WINDOWS\SYSTEM32\dbgcore.DLL
0x00007ffe092d0000 - 0x00007ffe09352000 	C:\WINDOWS\System32\bcryptPrimitives.dll
0x00007ffde47a0000 - 0x00007ffde47c5000 	D:\Software\Spring Tool Suite\sts-4.22.0.RELEASE\plugins\org.eclipse.justj.openjdk.hotspot.jre.full.win32.x86_64_17.0.10.v20240120-1143\jre\bin\java.dll
0x00007ffdfbe50000 - 0x00007ffdfbe68000 	D:\Software\Spring Tool Suite\sts-4.22.0.RELEASE\plugins\org.eclipse.justj.openjdk.hotspot.jre.full.win32.x86_64_17.0.10.v20240120-1143\jre\bin\zip.dll
0x00007ffe097f0000 - 0x00007ffe09f60000 	C:\WINDOWS\System32\SHELL32.dll
0x00007ffe06a30000 - 0x00007ffe071d5000 	C:\WINDOWS\SYSTEM32\windows.storage.dll
0x00007ffe0a580000 - 0x00007ffe0a8d4000 	C:\WINDOWS\System32\combase.dll
0x00007ffe08810000 - 0x00007ffe0883b000 	C:\WINDOWS\SYSTEM32\Wldp.dll
0x00007ffe0b480000 - 0x00007ffe0b54d000 	C:\WINDOWS\System32\OLEAUT32.dll
0x00007ffe0b550000 - 0x00007ffe0b5fd000 	C:\WINDOWS\System32\SHCORE.dll
0x00007ffe0b420000 - 0x00007ffe0b47b000 	C:\WINDOWS\System32\shlwapi.dll
0x00007ffe08d90000 - 0x00007ffe08db4000 	C:\WINDOWS\SYSTEM32\profapi.dll
0x00007ffdfbb90000 - 0x00007ffdfbba9000 	D:\Software\Spring Tool Suite\sts-4.22.0.RELEASE\plugins\org.eclipse.justj.openjdk.hotspot.jre.full.win32.x86_64_17.0.10.v20240120-1143\jre\bin\net.dll
0x00007ffe04f40000 - 0x00007ffe0504a000 	C:\WINDOWS\SYSTEM32\WINHTTP.dll
0x00007ffe08580000 - 0x00007ffe085ea000 	C:\WINDOWS\system32\mswsock.dll
0x00007ffdfb5b0000 - 0x00007ffdfb5c6000 	D:\Software\Spring Tool Suite\sts-4.22.0.RELEASE\plugins\org.eclipse.justj.openjdk.hotspot.jre.full.win32.x86_64_17.0.10.v20240120-1143\jre\bin\nio.dll
0x00007ffdf3730000 - 0x00007ffdf3739000 	D:\Software\Spring Tool Suite\sts-4.22.0.RELEASE\plugins\org.eclipse.justj.openjdk.hotspot.jre.full.win32.x86_64_17.0.10.v20240120-1143\jre\bin\management.dll
0x00007ffdf26e0000 - 0x00007ffdf26eb000 	D:\Software\Spring Tool Suite\sts-4.22.0.RELEASE\plugins\org.eclipse.justj.openjdk.hotspot.jre.full.win32.x86_64_17.0.10.v20240120-1143\jre\bin\management_ext.dll
0x00007ffe0b360000 - 0x00007ffe0b368000 	C:\WINDOWS\System32\PSAPI.DLL
0x00007ffde9720000 - 0x00007ffde9737000 	C:\WINDOWS\system32\napinsp.dll
0x00007ffde9690000 - 0x00007ffde96ab000 	C:\WINDOWS\system32\pnrpnsp.dll
0x00007ffe04ee0000 - 0x00007ffe04efd000 	C:\WINDOWS\system32\NLAapi.dll
0x00007ffe08260000 - 0x00007ffe0829b000 	C:\WINDOWS\SYSTEM32\IPHLPAPI.DLL
0x00007ffe082a0000 - 0x00007ffe0836a000 	C:\WINDOWS\SYSTEM32\DNSAPI.dll
0x00007ffe0b2f0000 - 0x00007ffe0b2f8000 	C:\WINDOWS\System32\NSI.dll
0x00007ffde9670000 - 0x00007ffde9682000 	C:\WINDOWS\System32\winrnr.dll
0x00007ffe04f00000 - 0x00007ffe04f1d000 	C:\WINDOWS\system32\wshbth.dll
0x00007ffe01f50000 - 0x00007ffe01f5a000 	C:\Windows\System32\rasadhlp.dll
0x00007ffdffb00000 - 0x00007ffdffb80000 	C:\WINDOWS\System32\fwpuclnt.dll
0x00007ffe08770000 - 0x00007ffe08788000 	C:\WINDOWS\SYSTEM32\CRYPTSP.dll
0x00007ffe07e30000 - 0x00007ffe07e68000 	C:\WINDOWS\system32\rsaenh.dll
0x00007ffe08d50000 - 0x00007ffe08d7e000 	C:\WINDOWS\SYSTEM32\USERENV.dll
0x00007ffe08840000 - 0x00007ffe0884c000 	C:\WINDOWS\SYSTEM32\CRYPTBASE.dll
0x00007ffe013e0000 - 0x00007ffe013f7000 	C:\WINDOWS\SYSTEM32\dhcpcsvc6.DLL
0x00007ffe01ac0000 - 0x00007ffe01add000 	C:\WINDOWS\SYSTEM32\dhcpcsvc.DLL
0x00007ffdfbaa0000 - 0x00007ffdfbaa9000 	D:\Software\Spring Tool Suite\sts-4.22.0.RELEASE\plugins\org.eclipse.justj.openjdk.hotspot.jre.full.win32.x86_64_17.0.10.v20240120-1143\jre\bin\extnet.dll
0x00007ffdfbfd0000 - 0x00007ffdfbfde000 	D:\Software\Spring Tool Suite\sts-4.22.0.RELEASE\plugins\org.eclipse.justj.openjdk.hotspot.jre.full.win32.x86_64_17.0.10.v20240120-1143\jre\bin\sunmscapi.dll
0x00007ffe09360000 - 0x00007ffe094bd000 	C:\WINDOWS\System32\CRYPT32.dll
0x00007ffe08890000 - 0x00007ffe088b7000 	C:\WINDOWS\SYSTEM32\ncrypt.dll
0x00007ffe08850000 - 0x00007ffe0888b000 	C:\WINDOWS\SYSTEM32\NTASN1.dll
0x00007ffdfbb50000 - 0x00007ffdfbb60000 	D:\Software\Spring Tool Suite\sts-4.22.0.RELEASE\plugins\org.eclipse.justj.openjdk.hotspot.jre.full.win32.x86_64_17.0.10.v20240120-1143\jre\bin\verify.dll
0x00007ffde85b0000 - 0x00007ffde85b7000 	C:\WINDOWS\system32\wshunix.dll

dbghelp: loaded successfully - version: 4.0.5 - missing functions: none
symbol engine: initialized successfully - sym options: 0x614 - pdb path: .;D:\Software\Spring Tool Suite\sts-4.22.0.RELEASE\plugins\org.eclipse.justj.openjdk.hotspot.jre.full.win32.x86_64_17.0.10.v20240120-1143\jre\bin;C:\WINDOWS\SYSTEM32;C:\WINDOWS\WinSxS\amd64_microsoft.windows.common-controls_6595b64144ccf1df_6.0.19041.6456_none_60b8a6cb71f64256;D:\Software\Spring Tool Suite\sts-4.22.0.RELEASE\plugins\org.eclipse.justj.openjdk.hotspot.jre.full.win32.x86_64_17.0.10.v20240120-1143\jre\bin\server

VM Arguments:
jvm_args: -Dcom.sun.management.jmxremote -Dcom.sun.management.jmxremote.port=49383 -Dcom.sun.management.jmxremote.authenticate=false -Dcom.sun.management.jmxremote.ssl=false -Djava.rmi.server.hostname=localhost -Dspring.jmx.enabled=true -Dmanagement.endpoints.jmx.exposure.include=* -Dspring.application.admin.enabled=true -XX:TieredStopAtLevel=1 -Dspring.boot.project.name=Cafe_Management -Dfile.encoding=UTF-8 -Dstdout.encoding=UTF-8 -Dstderr.encoding=UTF-8 -XX:+ShowCodeDetailsInExceptionMessages 
java_command: in.nikita.CafeManagementApplication --spring.output.ansi.enabled=always
java_class_path (initial): D:\workspace\STS-4-workspaceNikita\Cafe_Management\target\classes;C:\Users\praso\.m2\repository\org\springframework\boot\spring-boot-starter-data-jpa\3.5.6\spring-boot-starter-data-jpa-3.5.6.jar;C:\Users\praso\.m2\repository\org\springframework\boot\spring-boot-starter\3.5.6\spring-boot-starter-3.5.6.jar;C:\Users\praso\.m2\repository\org\springframework\boot\spring-boot-starter-logging\3.5.6\spring-boot-starter-logging-3.5.6.jar;C:\Users\praso\.m2\repository\ch\qos\logback\logback-classic\1.5.18\logback-classic-1.5.18.jar;C:\Users\praso\.m2\repository\ch\qos\logback\logback-core\1.5.18\logback-core-1.5.18.jar;C:\Users\praso\.m2\repository\org\apache\logging\log4j\log4j-to-slf4j\2.24.3\log4j-to-slf4j-2.24.3.jar;C:\Users\praso\.m2\repository\org\apache\logging\log4j\log4j-api\2.24.3\log4j-api-2.24.3.jar;C:\Users\praso\.m2\repository\org\slf4j\jul-to-slf4j\2.0.17\jul-to-slf4j-2.0.17.jar;C:\Users\praso\.m2\repository\jakarta\annotation\jakarta.annotation-api\2.1.1\jakarta.annotation-api-2.1.1.jar;C:\Users\praso\.m2\repository\org\yaml\snakeyaml\2.4\snakeyaml-2.4.jar;C:\Users\praso\.m2\repository\org\springframework\boot\spring-boot-starter-jdbc\3.5.6\spring-boot-starter-jdbc-3.5.6.jar;C:\Users\praso\.m2\repository\com\zaxxer\HikariCP\6.3.3\HikariCP-6.3.3.jar;C:\Users\praso\.m2\repository\org\springframework\spring-jdbc\6.2.11\spring-jdbc-6.2.11.jar;C:\Users\praso\.m2\repository\org\hibernate\orm\hibernate-core\6.6.29.Final\hibernate-core-6.6.29.Final.jar;C:\Users\praso\.m2\repository\jakarta\persistence\jakarta.persistence-api\3.1.0\jakarta.persistence-api-3.1.0.jar;C:\Users\praso\.m2\repository\jakarta\transaction\jakarta.transaction-api\2.0.1\jakarta.transaction-api-2.0.1.jar;C:\Users\praso\.m2\repository\org\jboss\logging\jboss-logging\3.6.1.Final\jboss-logging-3.6.1.Final.jar;C:\Users\praso\.m2\repository\org\hibernate\common\hibernate-commons-annotations\7.0.3.Final\hibernate-commons-annotations-7.0.3.Final.jar;C:\Users\praso\.m2\reposi
Launcher Type: SUN_STANDARD

[Global flags]
     intx CICompilerCount                          = 3                                         {product} {ergonomic}
     uint ConcGCThreads                            = 2                                         {product} {ergonomic}
     uint G1ConcRefinementThreads                  = 6                                         {product} {ergonomic}
   size_t G1HeapRegionSize                         = 1048576                                   {product} {ergonomic}
    uintx GCDrainStackTargetSize                   = 64                                        {product} {ergonomic}
   size_t InitialHeapSize                          = 125829120                                 {product} {ergonomic}
     bool ManagementServer                         = true                                      {product} {command line}
   size_t MarkStackSize                            = 4194304                                   {product} {ergonomic}
   size_t MaxHeapSize                              = 1983905792                                {product} {ergonomic}
   size_t MaxNewSize                               = 1190133760                                {product} {ergonomic}
   size_t MinHeapDeltaBytes                        = 1048576                                   {product} {ergonomic}
   size_t MinHeapSize                              = 8388608                                   {product} {ergonomic}
    uintx NonProfiledCodeHeapSize                  = 0                                      {pd product} {ergonomic}
     bool ProfileInterpreter                       = false                                  {pd product} {command line}
    uintx ProfiledCodeHeapSize                     = 0                                      {pd product} {ergonomic}
     bool ShowCodeDetailsInExceptionMessages       = true                                   {manageable} {command line}
   size_t SoftMaxHeapSize                          = 1983905792                             {manageable} {ergonomic}
     intx TieredStopAtLevel                        = 1                                         {product} {command line}
     bool UseCompressedClassPointers               = true                           {product lp64_product} {ergonomic}
     bool UseCompressedOops                        = true                           {product lp64_product} {ergonomic}
     bool UseG1GC                                  = true                                      {product} {ergonomic}
     bool UseLargePagesIndividualAllocation        = false                                  {pd product} {ergonomic}

Logging:
Log output configuration:
 #0: stdout all=warning uptime,level,tags
 #1: stderr all=off uptime,level,tags

Environment Variables:
PATH=D:/Software/Spring Tool Suite/sts-4.22.0.RELEASE//plugins/org.eclipse.justj.openjdk.hotspot.jre.full.win32.x86_64_17.0.10.v20240120-1143/jre/bin/server;D:/Software/Spring Tool Suite/sts-4.22.0.RELEASE//plugins/org.eclipse.justj.openjdk.hotspot.jre.full.win32.x86_64_17.0.10.v20240120-1143/jre/bin;C:\Python312\Scripts\;C:\Python312\;C:\Program Files\Java\jdk-17\bin;C:\Program Files (x86)\Common Files\Oracle\Java\javapath;C:\Program Files\Common Files\Oracle\Java\javapath;C:\WINDOWS\system32;C:\WINDOWS;C:\WINDOWS\System32\Wbem;C:\WINDOWS\System32\WindowsPowerShell\v1.0\;C:\WINDOWS\System32\OpenSSH\;C:\Program Files\MySQL\MySQL Server 8.0\bin;C:\ProgramData\chocolatey\bin;C:\Program Files\nodejs\;C:\Program Files\Git\cmd;C:\Program Files\MySQL\MySQL Shell 8.0\bin\;C:\Users\praso\AppData\Local\Microsoft\WindowsApps;C:\Program Files\Java\jdk-17;C:\Users\praso\AppData\Local\Programs\Microsoft VS Code\bin;C:\Users\praso\AppData\Roaming\npm;C:\Users\praso\.pvm\bin;;D:\Software\Spring Tool Suite\sts-4.22.0.RELEASE;
USERNAME=praso
OS=Windows_NT
PROCESSOR_IDENTIFIER=AMD64 Family 23 Model 96 Stepping 1, AuthenticAMD
TMP=C:\Users\praso\AppData\Local\Temp
TEMP=C:\Users\praso\AppData\Local\Temp



Periodic native trim disabled


---------------  S Y S T E M  ---------------

OS:
 Windows 10 , 64 bit Build 19041 (10.0.19041.5915)
OS uptime: 2 days 17:47 hours

CPU: total 6 (initial active 6) (6 cores per cpu, 1 threads per core) family 23 model 96 stepping 1 microcode 0x0, cx8, cmov, fxsr, mmx, 3dnowpref, sse, sse2, sse3, ssse3, sse4a, sse4.1, sse4.2, popcnt, lzcnt, tsc, tscinvbit, avx, avx2, aes, clmul, bmi1, bmi2, adx, sha, fma, vzeroupper, clflush, clflushopt
Processor Information for processor 0
  Max Mhz: 2375, Current Mhz: 2375, Mhz Limit: 2375
Processor Information for processor 1
  Max Mhz: 2375, Current Mhz: 2375, Mhz Limit: 2375
Processor Information for processor 2
  Max Mhz: 2375, Current Mhz: 2375, Mhz Limit: 2375
Processor Information for processor 3
  Max Mhz: 2375, Current Mhz: 2375, Mhz Limit: 2375
Processor Information for processor 4
  Max Mhz: 2375, Current Mhz: 2375, Mhz Limit: 2375
Processor Information for processor 5
  Max Mhz: 2375, Current Mhz: 1400, Mhz Limit: 2375

Memory: 4k page, system-wide physical 7564M (459M free)
TotalPageFile size 14046M (AvailPageFile size 4M)
current process WorkingSet (physical memory assigned to process): 288M, peak: 288M
current process commit charge ("private bytes"): 318M, peak: 319M

vm_info: OpenJDK 64-Bit Server VM (17.0.10+7) for windows-amd64 JRE (17.0.10+7), built on Jan 16 2024 23:25:11 by "admin" with MS VC++ 16.10 / 16.11 (VS2019)

END.
